#
# A fatal error has been detected by the Java Runtime Environment:
#
#  EXCEPTION_ACCESS_VIOLATION (0xc0000005) at pc=0x00007ffb9d16313f, pid=1744, tid=12412
#
# JRE version: Java(TM) SE Runtime Environment 18.9 (11.0.22+9) (build 11.0.22+9-LTS-219)
# Java VM: Java HotSpot(TM) 64-Bit Server VM 18.9 (11.0.22+9-LTS-219, mixed mode, tiered, compressed oops, g1 gc, windows-amd64)
# Problematic frame:
# V  [jvm.dll+0x65313f]
#
# No core dump will be written. Minidumps are not enabled by default on client versions of Windows
#
# If you would like to submit a bug report, please visit:
#   https://bugreport.java.com/bugreport/crash.jsp
#

---------------  S U M M A R Y ------------

Command Line: -Dorg.netbeans.lib.jshell.agent.AgentWorker.executor=org.netbeans.lib.jshell.agent.SwingExecutor -javaagent:C:\Program Files\NetBeans-21\netbeans\java\modules\ext\nb-mod-jshell-probe.jar=address=127.0.0.1,port=51181,key=39i5dkn9umhi7,loaderPolicy=system,class=,field=,method= com.mycompany.studentmanagementsystem.StudentManagementSystem

Host: 11th Gen Intel(R) Core(TM) i5-1135G7 @ 2.40GHz, 8 cores, 7G,  Windows 11 , 64 bit Build 22621 (10.0.22621.4974)
Time: Tue Mar 18 19:52:33 2025 India Standard Time elapsed time: 0.134954 seconds (0d 0h 0m 0s)

---------------  T H R E A D  ---------------

Current thread (0x000001bcf994a000):  JavaThread "main" [_thread_in_vm, id=12412, stack(0x000000095e300000,0x000000095e400000)]

Stack: [0x000000095e300000,0x000000095e400000],  sp=0x000000095e3ff838,  free space=1022k
Native frames: (J=compiled Java code, j=interpreted, Vv=VM code, C=native code)
V  [jvm.dll+0x65313f]


siginfo: EXCEPTION_ACCESS_VIOLATION (0xc0000005), reading address 0xffffffffffffffff


Register to memory mapping:

RIP=0x00007ffb9d16313f jvm.dll
RAX=0x0072006f006d002f is an unknown value
RBX=0x000000095e3ff8d0 is pointing into the stack for thread: 0x000001bcf994a000
RCX=0x000000095e3ff860 is pointing into the stack for thread: 0x000001bcf994a000
RDX=0x0072006f006d0020 is an unknown value
RSP=0x000000095e3ff838 is pointing into the stack for thread: 0x000001bcf994a000
RBP=0x000001bcf994ab50 points into unknown readable memory: 0x0072006f006d0020 | 20 00 6d 00 6f 00 72 00
RSI=0x0 is NULL
RDI=0x0 is NULL
R8 =0x00007ffb9d170240 jvm.dll
R9 =0x0000000000000003 is an unknown value
R10=0x000001bcf776a5c0 points into unknown readable memory: 0x000001bcf9955f80 | 80 5f 95 f9 bc 01 00 00
R11=0x000000095e3ff860 is pointing into the stack for thread: 0x000001bcf994a000
R12=0x000001bcffdb9010 points into unknown readable memory: 0x00000000ffffffff | ff ff ff ff 00 00 00 00
R13=0x0000000000000010 is an unknown value
R14=0x000001bcf994af28 points into unknown readable memory: 0x080410542395dd0d | 0d dd 95 23 54 10 04 08
R15=0x00000000000003d8 is an unknown value


Registers:
RAX=0x0072006f006d002f, RBX=0x000000095e3ff8d0, RCX=0x000000095e3ff860, RDX=0x0072006f006d0020
RSP=0x000000095e3ff838, RBP=0x000001bcf994ab50, RSI=0x0000000000000000, RDI=0x0000000000000000
R8 =0x00007ffb9d170240, R9 =0x0000000000000003, R10=0x000001bcf776a5c0, R11=0x000000095e3ff860
R12=0x000001bcffdb9010, R13=0x0000000000000010, R14=0x000001bcf994af28, R15=0x00000000000003d8
RIP=0x00007ffb9d16313f, EFLAGS=0x0000000000010203

Top of Stack: (sp=0x000000095e3ff838)
0x000000095e3ff838:   00007ffb9d170317 000000095e3ff8d0
0x000000095e3ff848:   000001bcf994ab50 0000000000000000
0x000000095e3ff858:   000001bcf994a000 000000095e3ff840
0x000000095e3ff868:   00007ffb9d170240 0000000000000000
0x000000095e3ff878:   000001bc00000000 0072006f006d0020
0x000000095e3ff888:   000000095e3ff840 000001bcf994ab40
0x000000095e3ff898:   00007ffb9d2756f1 000001bcf7825ee0
0x000000095e3ff8a8:   000001bcf994a000 000001bcf994a000
0x000000095e3ff8b8:   000001bcf776e390 000001bcf993ef01
0x000000095e3ff8c8:   00007ffc055c396f 000001bcf994a348
0x000000095e3ff8d8:   0000000000000000 000001bcff070fd8
0x000000095e3ff8e8:   000001bcf776e390 000001bcf776e398
0x000000095e3ff8f8:   0000000000000000 0000e1910bad7542
0x000000095e3ff908:   00007ffc055c49a4 000001bcf994a000
0x000000095e3ff918:   00007ffb9d1726c0 000001bcf994a348
0x000000095e3ff928:   000001bcf993efe0 0000000000000008 

Instructions: (pc=0x00007ffb9d16313f)
0x00007ffb9d16311f:   cc f6 01 03 75 42 48 8b 51 20 f6 c2 07 75 39 48
0x00007ffb9d16312f:   8d 42 10 a8 03 75 31 48 ff c8 48 83 f8 fd 77 28
0x00007ffb9d16313f:   48 8b 0a f6 c1 07 75 20 48 8d 41 ff 48 83 f8 fd
0x00007ffb9d16314f:   77 16 48 3b ca 74 11 72 0f 48 2b ca 48 81 f9 00 


Stack slot to memory mapping:
stack at sp + 0 slots: 0x00007ffb9d170317 jvm.dll
stack at sp + 1 slots: 0x000000095e3ff8d0 is pointing into the stack for thread: 0x000001bcf994a000
stack at sp + 2 slots: 0x000001bcf994ab50 points into unknown readable memory: 0x0072006f006d0020 | 20 00 6d 00 6f 00 72 00
stack at sp + 3 slots: 0x0 is NULL
stack at sp + 4 slots: 0x000001bcf994a000 is a thread
stack at sp + 5 slots: 0x000000095e3ff840 is pointing into the stack for thread: 0x000001bcf994a000
stack at sp + 6 slots: 0x00007ffb9d170240 jvm.dll
stack at sp + 7 slots: 0x0 is NULL


---------------  P R O C E S S  ---------------

Threads class SMR info:
_java_thread_list=0x000001bcffd19110, length=11, elements={
0x000001bcf994a000, 0x000001bcff1ff000, 0x000001bcff200800, 0x000001bcffb96000,
0x000001bcffb98000, 0x000001bcffb99800, 0x000001bcffb9b000, 0x000001bcffb40800,
0x000001bcffb41000, 0x000001bcffd08800, 0x000001bcffd18800
}

Java Threads: ( => current thread )
=>0x000001bcf994a000 JavaThread "main" [_thread_in_vm, id=12412, stack(0x000000095e300000,0x000000095e400000)]
  0x000001bcff1ff000 JavaThread "Reference Handler" daemon [_thread_blocked, id=17832, stack(0x000000095ea00000,0x000000095eb00000)]
  0x000001bcff200800 JavaThread "Finalizer" daemon [_thread_blocked, id=21404, stack(0x000000095eb00000,0x000000095ec00000)]
  0x000001bcffb96000 JavaThread "Signal Dispatcher" daemon [_thread_blocked, id=20328, stack(0x000000095ec00000,0x000000095ed00000)]
  0x000001bcffb98000 JavaThread "Attach Listener" daemon [_thread_blocked, id=3100, stack(0x000000095ed00000,0x000000095ee00000)]
  0x000001bcffb99800 JavaThread "Service Thread" daemon [_thread_blocked, id=20124, stack(0x000000095ee00000,0x000000095ef00000)]
  0x000001bcffb9b000 JavaThread "C2 CompilerThread0" daemon [_thread_blocked, id=13624, stack(0x000000095ef00000,0x000000095f000000)]
  0x000001bcffb40800 JavaThread "C1 CompilerThread0" daemon [_thread_blocked, id=20564, stack(0x000000095f000000,0x000000095f100000)]
  0x000001bcffb41000 JavaThread "Sweeper thread" daemon [_thread_blocked, id=10324, stack(0x000000095f100000,0x000000095f200000)]
  0x000001bcffd08800 JavaThread "Common-Cleaner" daemon [_thread_blocked, id=20744, stack(0x000000095f200000,0x000000095f300000)]
  0x000001bcffd18800 JavaThread "C2 CompilerThread1" daemon [_thread_blocked, id=15680, stack(0x000000095f300000,0x000000095f400000)]

Other Threads:
  0x000001bcff1fc800 VMThread "VM Thread" [stack: 0x000000095e900000,0x000000095ea00000] [id=2340]
  0x000001bcf995f800 GCTaskThread "GC Thread#0" [stack: 0x000000095e400000,0x000000095e500000] [id=1968]
  0x000001bcf998e800 ConcurrentGCThread "G1 Main Marker" [stack: 0x000000095e500000,0x000000095e600000] [id=4316]
  0x000001bcf9990800 ConcurrentGCThread "G1 Conc#0" [stack: 0x000000095e600000,0x000000095e700000] [id=17188]
  0x000001bcf9a0d800 ConcurrentGCThread "G1 Refine#0" [stack: 0x000000095e700000,0x000000095e800000] [id=4784]
  0x000001bcff068800 ConcurrentGCThread "G1 Young RemSet Sampling" [stack: 0x000000095e800000,0x000000095e900000] [id=6840]

Threads with active compile tasks:

VM state:not at safepoint (normal execution)

VM Mutex/Monitor currently owned by a thread: None

Heap address: 0x0000000083200000, size: 1998 MB, Compressed Oops mode: 32-bit
Narrow klass base: 0x0000000000000000, Narrow klass shift: 3
Compressed class space size: 1073741824 Address: 0x0000000100000000

Heap:
 garbage-first heap   total 129024K, used 2048K [0x0000000083200000, 0x0000000100000000)
  region size 1024K, 3 young (3072K), 0 survivors (0K)
 Metaspace       used 5973K, capacity 6081K, committed 6272K, reserved 1056768K
  class space    used 522K, capacity 536K, committed 640K, reserved 1048576K
Heap Regions: E=young(eden), S=young(survivor), O=old, HS=humongous(starts), HC=humongous(continues), CS=collection set, F=free, A=archive, TAMS=top-at-mark-start (previous, next)
|   0|0x0000000083200000, 0x0000000083200000, 0x0000000083300000|  0%| F|  |TAMS 0x0000000083200000, 0x0000000083200000| Untracked 
|   1|0x0000000083300000, 0x0000000083300000, 0x0000000083400000|  0%| F|  |TAMS 0x0000000083300000, 0x0000000083300000| Untracked 
|   2|0x0000000083400000, 0x0000000083400000, 0x0000000083500000|  0%| F|  |TAMS 0x0000000083400000, 0x0000000083400000| Untracked 
|   3|0x0000000083500000, 0x0000000083500000, 0x0000000083600000|  0%| F|  |TAMS 0x0000000083500000, 0x0000000083500000| Untracked 
|   4|0x0000000083600000, 0x0000000083600000, 0x0000000083700000|  0%| F|  |TAMS 0x0000000083600000, 0x0000000083600000| Untracked 
|   5|0x0000000083700000, 0x0000000083700000, 0x0000000083800000|  0%| F|  |TAMS 0x0000000083700000, 0x0000000083700000| Untracked 
|   6|0x0000000083800000, 0x0000000083800000, 0x0000000083900000|  0%| F|  |TAMS 0x0000000083800000, 0x0000000083800000| Untracked 
|   7|0x0000000083900000, 0x0000000083900000, 0x0000000083a00000|  0%| F|  |TAMS 0x0000000083900000, 0x0000000083900000| Untracked 
|   8|0x0000000083a00000, 0x0000000083a00000, 0x0000000083b00000|  0%| F|  |TAMS 0x0000000083a00000, 0x0000000083a00000| Untracked 
|   9|0x0000000083b00000, 0x0000000083b00000, 0x0000000083c00000|  0%| F|  |TAMS 0x0000000083b00000, 0x0000000083b00000| Untracked 
|  10|0x0000000083c00000, 0x0000000083c00000, 0x0000000083d00000|  0%| F|  |TAMS 0x0000000083c00000, 0x0000000083c00000| Untracked 
|  11|0x0000000083d00000, 0x0000000083d00000, 0x0000000083e00000|  0%| F|  |TAMS 0x0000000083d00000, 0x0000000083d00000| Untracked 
|  12|0x0000000083e00000, 0x0000000083e00000, 0x0000000083f00000|  0%| F|  |TAMS 0x0000000083e00000, 0x0000000083e00000| Untracked 
|  13|0x0000000083f00000, 0x0000000083f00000, 0x0000000084000000|  0%| F|  |TAMS 0x0000000083f00000, 0x0000000083f00000| Untracked 
|  14|0x0000000084000000, 0x0000000084000000, 0x0000000084100000|  0%| F|  |TAMS 0x0000000084000000, 0x0000000084000000| Untracked 
|  15|0x0000000084100000, 0x0000000084100000, 0x0000000084200000|  0%| F|  |TAMS 0x0000000084100000, 0x0000000084100000| Untracked 
|  16|0x0000000084200000, 0x0000000084200000, 0x0000000084300000|  0%| F|  |TAMS 0x0000000084200000, 0x0000000084200000| Untracked 
|  17|0x0000000084300000, 0x0000000084300000, 0x0000000084400000|  0%| F|  |TAMS 0x0000000084300000, 0x0000000084300000| Untracked 
|  18|0x0000000084400000, 0x0000000084400000, 0x0000000084500000|  0%| F|  |TAMS 0x0000000084400000, 0x0000000084400000| Untracked 
|  19|0x0000000084500000, 0x0000000084500000, 0x0000000084600000|  0%| F|  |TAMS 0x0000000084500000, 0x0000000084500000| Untracked 
|  20|0x0000000084600000, 0x0000000084600000, 0x0000000084700000|  0%| F|  |TAMS 0x0000000084600000, 0x0000000084600000| Untracked 
|  21|0x0000000084700000, 0x0000000084700000, 0x0000000084800000|  0%| F|  |TAMS 0x0000000084700000, 0x0000000084700000| Untracked 
|  22|0x0000000084800000, 0x0000000084800000, 0x0000000084900000|  0%| F|  |TAMS 0x0000000084800000, 0x0000000084800000| Untracked 
|  23|0x0000000084900000, 0x0000000084900000, 0x0000000084a00000|  0%| F|  |TAMS 0x0000000084900000, 0x0000000084900000| Untracked 
|  24|0x0000000084a00000, 0x0000000084a00000, 0x0000000084b00000|  0%| F|  |TAMS 0x0000000084a00000, 0x0000000084a00000| Untracked 
|  25|0x0000000084b00000, 0x0000000084b00000, 0x0000000084c00000|  0%| F|  |TAMS 0x0000000084b00000, 0x0000000084b00000| Untracked 
|  26|0x0000000084c00000, 0x0000000084c00000, 0x0000000084d00000|  0%| F|  |TAMS 0x0000000084c00000, 0x0000000084c00000| Untracked 
|  27|0x0000000084d00000, 0x0000000084d00000, 0x0000000084e00000|  0%| F|  |TAMS 0x0000000084d00000, 0x0000000084d00000| Untracked 
|  28|0x0000000084e00000, 0x0000000084e00000, 0x0000000084f00000|  0%| F|  |TAMS 0x0000000084e00000, 0x0000000084e00000| Untracked 
|  29|0x0000000084f00000, 0x0000000084f00000, 0x0000000085000000|  0%| F|  |TAMS 0x0000000084f00000, 0x0000000084f00000| Untracked 
|  30|0x0000000085000000, 0x0000000085000000, 0x0000000085100000|  0%| F|  |TAMS 0x0000000085000000, 0x0000000085000000| Untracked 
|  31|0x0000000085100000, 0x0000000085100000, 0x0000000085200000|  0%| F|  |TAMS 0x0000000085100000, 0x0000000085100000| Untracked 
|  32|0x0000000085200000, 0x0000000085200000, 0x0000000085300000|  0%| F|  |TAMS 0x0000000085200000, 0x0000000085200000| Untracked 
|  33|0x0000000085300000, 0x0000000085300000, 0x0000000085400000|  0%| F|  |TAMS 0x0000000085300000, 0x0000000085300000| Untracked 
|  34|0x0000000085400000, 0x0000000085400000, 0x0000000085500000|  0%| F|  |TAMS 0x0000000085400000, 0x0000000085400000| Untracked 
|  35|0x0000000085500000, 0x0000000085500000, 0x0000000085600000|  0%| F|  |TAMS 0x0000000085500000, 0x0000000085500000| Untracked 
|  36|0x0000000085600000, 0x0000000085600000, 0x0000000085700000|  0%| F|  |TAMS 0x0000000085600000, 0x0000000085600000| Untracked 
|  37|0x0000000085700000, 0x0000000085700000, 0x0000000085800000|  0%| F|  |TAMS 0x0000000085700000, 0x0000000085700000| Untracked 
|  38|0x0000000085800000, 0x0000000085800000, 0x0000000085900000|  0%| F|  |TAMS 0x0000000085800000, 0x0000000085800000| Untracked 
|  39|0x0000000085900000, 0x0000000085900000, 0x0000000085a00000|  0%| F|  |TAMS 0x0000000085900000, 0x0000000085900000| Untracked 
|  40|0x0000000085a00000, 0x0000000085a00000, 0x0000000085b00000|  0%| F|  |TAMS 0x0000000085a00000, 0x0000000085a00000| Untracked 
|  41|0x0000000085b00000, 0x0000000085b00000, 0x0000000085c00000|  0%| F|  |TAMS 0x0000000085b00000, 0x0000000085b00000| Untracked 
|  42|0x0000000085c00000, 0x0000000085c00000, 0x0000000085d00000|  0%| F|  |TAMS 0x0000000085c00000, 0x0000000085c00000| Untracked 
|  43|0x0000000085d00000, 0x0000000085d00000, 0x0000000085e00000|  0%| F|  |TAMS 0x0000000085d00000, 0x0000000085d00000| Untracked 
|  44|0x0000000085e00000, 0x0000000085e00000, 0x0000000085f00000|  0%| F|  |TAMS 0x0000000085e00000, 0x0000000085e00000| Untracked 
|  45|0x0000000085f00000, 0x0000000085f00000, 0x0000000086000000|  0%| F|  |TAMS 0x0000000085f00000, 0x0000000085f00000| Untracked 
|  46|0x0000000086000000, 0x0000000086000000, 0x0000000086100000|  0%| F|  |TAMS 0x0000000086000000, 0x0000000086000000| Untracked 
|  47|0x0000000086100000, 0x0000000086100000, 0x0000000086200000|  0%| F|  |TAMS 0x0000000086100000, 0x0000000086100000| Untracked 
|  48|0x0000000086200000, 0x0000000086200000, 0x0000000086300000|  0%| F|  |TAMS 0x0000000086200000, 0x0000000086200000| Untracked 
|  49|0x0000000086300000, 0x0000000086300000, 0x0000000086400000|  0%| F|  |TAMS 0x0000000086300000, 0x0000000086300000| Untracked 
|  50|0x0000000086400000, 0x0000000086400000, 0x0000000086500000|  0%| F|  |TAMS 0x0000000086400000, 0x0000000086400000| Untracked 
|  51|0x0000000086500000, 0x0000000086500000, 0x0000000086600000|  0%| F|  |TAMS 0x0000000086500000, 0x0000000086500000| Untracked 
|  52|0x0000000086600000, 0x0000000086600000, 0x0000000086700000|  0%| F|  |TAMS 0x0000000086600000, 0x0000000086600000| Untracked 
|  53|0x0000000086700000, 0x0000000086700000, 0x0000000086800000|  0%| F|  |TAMS 0x0000000086700000, 0x0000000086700000| Untracked 
|  54|0x0000000086800000, 0x0000000086800000, 0x0000000086900000|  0%| F|  |TAMS 0x0000000086800000, 0x0000000086800000| Untracked 
|  55|0x0000000086900000, 0x0000000086900000, 0x0000000086a00000|  0%| F|  |TAMS 0x0000000086900000, 0x0000000086900000| Untracked 
|  56|0x0000000086a00000, 0x0000000086a00000, 0x0000000086b00000|  0%| F|  |TAMS 0x0000000086a00000, 0x0000000086a00000| Untracked 
|  57|0x0000000086b00000, 0x0000000086b00000, 0x0000000086c00000|  0%| F|  |TAMS 0x0000000086b00000, 0x0000000086b00000| Untracked 
|  58|0x0000000086c00000, 0x0000000086c00000, 0x0000000086d00000|  0%| F|  |TAMS 0x0000000086c00000, 0x0000000086c00000| Untracked 
|  59|0x0000000086d00000, 0x0000000086d00000, 0x0000000086e00000|  0%| F|  |TAMS 0x0000000086d00000, 0x0000000086d00000| Untracked 
|  60|0x0000000086e00000, 0x0000000086e00000, 0x0000000086f00000|  0%| F|  |TAMS 0x0000000086e00000, 0x0000000086e00000| Untracked 
|  61|0x0000000086f00000, 0x0000000086f00000, 0x0000000087000000|  0%| F|  |TAMS 0x0000000086f00000, 0x0000000086f00000| Untracked 
|  62|0x0000000087000000, 0x0000000087000000, 0x0000000087100000|  0%| F|  |TAMS 0x0000000087000000, 0x0000000087000000| Untracked 
|  63|0x0000000087100000, 0x0000000087100000, 0x0000000087200000|  0%| F|  |TAMS 0x0000000087100000, 0x0000000087100000| Untracked 
|  64|0x0000000087200000, 0x0000000087200000, 0x0000000087300000|  0%| F|  |TAMS 0x0000000087200000, 0x0000000087200000| Untracked 
|  65|0x0000000087300000, 0x0000000087300000, 0x0000000087400000|  0%| F|  |TAMS 0x0000000087300000, 0x0000000087300000| Untracked 
|  66|0x0000000087400000, 0x0000000087400000, 0x0000000087500000|  0%| F|  |TAMS 0x0000000087400000, 0x0000000087400000| Untracked 
|  67|0x0000000087500000, 0x0000000087500000, 0x0000000087600000|  0%| F|  |TAMS 0x0000000087500000, 0x0000000087500000| Untracked 
|  68|0x0000000087600000, 0x0000000087600000, 0x0000000087700000|  0%| F|  |TAMS 0x0000000087600000, 0x0000000087600000| Untracked 
|  69|0x0000000087700000, 0x0000000087700000, 0x0000000087800000|  0%| F|  |TAMS 0x0000000087700000, 0x0000000087700000| Untracked 
|  70|0x0000000087800000, 0x0000000087800000, 0x0000000087900000|  0%| F|  |TAMS 0x0000000087800000, 0x0000000087800000| Untracked 
|  71|0x0000000087900000, 0x0000000087900000, 0x0000000087a00000|  0%| F|  |TAMS 0x0000000087900000, 0x0000000087900000| Untracked 
|  72|0x0000000087a00000, 0x0000000087a00000, 0x0000000087b00000|  0%| F|  |TAMS 0x0000000087a00000, 0x0000000087a00000| Untracked 
|  73|0x0000000087b00000, 0x0000000087b00000, 0x0000000087c00000|  0%| F|  |TAMS 0x0000000087b00000, 0x0000000087b00000| Untracked 
|  74|0x0000000087c00000, 0x0000000087c00000, 0x0000000087d00000|  0%| F|  |TAMS 0x0000000087c00000, 0x0000000087c00000| Untracked 
|  75|0x0000000087d00000, 0x0000000087d00000, 0x0000000087e00000|  0%| F|  |TAMS 0x0000000087d00000, 0x0000000087d00000| Untracked 
|  76|0x0000000087e00000, 0x0000000087e00000, 0x0000000087f00000|  0%| F|  |TAMS 0x0000000087e00000, 0x0000000087e00000| Untracked 
|  77|0x0000000087f00000, 0x0000000087f00000, 0x0000000088000000|  0%| F|  |TAMS 0x0000000087f00000, 0x0000000087f00000| Untracked 
|  78|0x0000000088000000, 0x0000000088000000, 0x0000000088100000|  0%| F|  |TAMS 0x0000000088000000, 0x0000000088000000| Untracked 
|  79|0x0000000088100000, 0x0000000088100000, 0x0000000088200000|  0%| F|  |TAMS 0x0000000088100000, 0x0000000088100000| Untracked 
|  80|0x0000000088200000, 0x0000000088200000, 0x0000000088300000|  0%| F|  |TAMS 0x0000000088200000, 0x0000000088200000| Untracked 
|  81|0x0000000088300000, 0x0000000088300000, 0x0000000088400000|  0%| F|  |TAMS 0x0000000088300000, 0x0000000088300000| Untracked 
|  82|0x0000000088400000, 0x0000000088400000, 0x0000000088500000|  0%| F|  |TAMS 0x0000000088400000, 0x0000000088400000| Untracked 
|  83|0x0000000088500000, 0x0000000088500000, 0x0000000088600000|  0%| F|  |TAMS 0x0000000088500000, 0x0000000088500000| Untracked 
|  84|0x0000000088600000, 0x0000000088600000, 0x0000000088700000|  0%| F|  |TAMS 0x0000000088600000, 0x0000000088600000| Untracked 
|  85|0x0000000088700000, 0x0000000088700000, 0x0000000088800000|  0%| F|  |TAMS 0x0000000088700000, 0x0000000088700000| Untracked 
|  86|0x0000000088800000, 0x0000000088800000, 0x0000000088900000|  0%| F|  |TAMS 0x0000000088800000, 0x0000000088800000| Untracked 
|  87|0x0000000088900000, 0x0000000088900000, 0x0000000088a00000|  0%| F|  |TAMS 0x0000000088900000, 0x0000000088900000| Untracked 
|  88|0x0000000088a00000, 0x0000000088a00000, 0x0000000088b00000|  0%| F|  |TAMS 0x0000000088a00000, 0x0000000088a00000| Untracked 
|  89|0x0000000088b00000, 0x0000000088b00000, 0x0000000088c00000|  0%| F|  |TAMS 0x0000000088b00000, 0x0000000088b00000| Untracked 
|  90|0x0000000088c00000, 0x0000000088c00000, 0x0000000088d00000|  0%| F|  |TAMS 0x0000000088c00000, 0x0000000088c00000| Untracked 
|  91|0x0000000088d00000, 0x0000000088d00000, 0x0000000088e00000|  0%| F|  |TAMS 0x0000000088d00000, 0x0000000088d00000| Untracked 
|  92|0x0000000088e00000, 0x0000000088e00000, 0x0000000088f00000|  0%| F|  |TAMS 0x0000000088e00000, 0x0000000088e00000| Untracked 
|  93|0x0000000088f00000, 0x0000000088f00000, 0x0000000089000000|  0%| F|  |TAMS 0x0000000088f00000, 0x0000000088f00000| Untracked 
|  94|0x0000000089000000, 0x0000000089000000, 0x0000000089100000|  0%| F|  |TAMS 0x0000000089000000, 0x0000000089000000| Untracked 
|  95|0x0000000089100000, 0x0000000089100000, 0x0000000089200000|  0%| F|  |TAMS 0x0000000089100000, 0x0000000089100000| Untracked 
|  96|0x0000000089200000, 0x0000000089200000, 0x0000000089300000|  0%| F|  |TAMS 0x0000000089200000, 0x0000000089200000| Untracked 
|  97|0x0000000089300000, 0x0000000089300000, 0x0000000089400000|  0%| F|  |TAMS 0x0000000089300000, 0x0000000089300000| Untracked 
|  98|0x0000000089400000, 0x0000000089400000, 0x0000000089500000|  0%| F|  |TAMS 0x0000000089400000, 0x0000000089400000| Untracked 
|  99|0x0000000089500000, 0x0000000089500000, 0x0000000089600000|  0%| F|  |TAMS 0x0000000089500000, 0x0000000089500000| Untracked 
| 100|0x0000000089600000, 0x0000000089600000, 0x0000000089700000|  0%| F|  |TAMS 0x0000000089600000, 0x0000000089600000| Untracked 
| 101|0x0000000089700000, 0x0000000089700000, 0x0000000089800000|  0%| F|  |TAMS 0x0000000089700000, 0x0000000089700000| Untracked 
| 102|0x0000000089800000, 0x0000000089800000, 0x0000000089900000|  0%| F|  |TAMS 0x0000000089800000, 0x0000000089800000| Untracked 
| 103|0x0000000089900000, 0x0000000089900000, 0x0000000089a00000|  0%| F|  |TAMS 0x0000000089900000, 0x0000000089900000| Untracked 
| 104|0x0000000089a00000, 0x0000000089a00000, 0x0000000089b00000|  0%| F|  |TAMS 0x0000000089a00000, 0x0000000089a00000| Untracked 
| 105|0x0000000089b00000, 0x0000000089b00000, 0x0000000089c00000|  0%| F|  |TAMS 0x0000000089b00000, 0x0000000089b00000| Untracked 
| 106|0x0000000089c00000, 0x0000000089c00000, 0x0000000089d00000|  0%| F|  |TAMS 0x0000000089c00000, 0x0000000089c00000| Untracked 
| 107|0x0000000089d00000, 0x0000000089d00000, 0x0000000089e00000|  0%| F|  |TAMS 0x0000000089d00000, 0x0000000089d00000| Untracked 
| 108|0x0000000089e00000, 0x0000000089e00000, 0x0000000089f00000|  0%| F|  |TAMS 0x0000000089e00000, 0x0000000089e00000| Untracked 
| 109|0x0000000089f00000, 0x0000000089f00000, 0x000000008a000000|  0%| F|  |TAMS 0x0000000089f00000, 0x0000000089f00000| Untracked 
| 110|0x000000008a000000, 0x000000008a000000, 0x000000008a100000|  0%| F|  |TAMS 0x000000008a000000, 0x000000008a000000| Untracked 
| 111|0x000000008a100000, 0x000000008a100000, 0x000000008a200000|  0%| F|  |TAMS 0x000000008a100000, 0x000000008a100000| Untracked 
| 112|0x000000008a200000, 0x000000008a200000, 0x000000008a300000|  0%| F|  |TAMS 0x000000008a200000, 0x000000008a200000| Untracked 
| 113|0x000000008a300000, 0x000000008a300000, 0x000000008a400000|  0%| F|  |TAMS 0x000000008a300000, 0x000000008a300000| Untracked 
| 114|0x000000008a400000, 0x000000008a400000, 0x000000008a500000|  0%| F|  |TAMS 0x000000008a400000, 0x000000008a400000| Untracked 
| 115|0x000000008a500000, 0x000000008a500000, 0x000000008a600000|  0%| F|  |TAMS 0x000000008a500000, 0x000000008a500000| Untracked 
| 116|0x000000008a600000, 0x000000008a600000, 0x000000008a700000|  0%| F|  |TAMS 0x000000008a600000, 0x000000008a600000| Untracked 
| 117|0x000000008a700000, 0x000000008a700000, 0x000000008a800000|  0%| F|  |TAMS 0x000000008a700000, 0x000000008a700000| Untracked 
| 118|0x000000008a800000, 0x000000008a800000, 0x000000008a900000|  0%| F|  |TAMS 0x000000008a800000, 0x000000008a800000| Untracked 
| 119|0x000000008a900000, 0x000000008a900000, 0x000000008aa00000|  0%| F|  |TAMS 0x000000008a900000, 0x000000008a900000| Untracked 
| 120|0x000000008aa00000, 0x000000008aa00000, 0x000000008ab00000|  0%| F|  |TAMS 0x000000008aa00000, 0x000000008aa00000| Untracked 
| 121|0x000000008ab00000, 0x000000008ab00000, 0x000000008ac00000|  0%| F|  |TAMS 0x000000008ab00000, 0x000000008ab00000| Untracked 
| 122|0x000000008ac00000, 0x000000008ac00000, 0x000000008ad00000|  0%| F|  |TAMS 0x000000008ac00000, 0x000000008ac00000| Untracked 
| 123|0x000000008ad00000, 0x000000008ad8dd60, 0x000000008ae00000| 55%| E|  |TAMS 0x000000008ad00000, 0x000000008ad00000| Complete 
| 124|0x000000008ae00000, 0x000000008af00000, 0x000000008af00000|100%| E|CS|TAMS 0x000000008ae00000, 0x000000008ae00000| Complete 
| 125|0x000000008af00000, 0x000000008b000000, 0x000000008b000000|100%| E|CS|TAMS 0x000000008af00000, 0x000000008af00000| Complete 

Card table byte_map: [0x000001bcfa140000,0x000001bcfa530000] _byte_map_base: 0x000001bcf9d27000

Marking Bits (Prev, Next): (CMBitMap*) 0x000001bcf9985dc8, (CMBitMap*) 0x000001bcf9985e00
 Prev Bits: [0x000001bcfa920000, 0x000001bcfc858000)
 Next Bits: [0x000001bcfc860000, 0x000001bcfe798000)

Polling page: 0x000001bcf9110000

Metaspace:

Usage:
  Non-class:      5.42 MB capacity,     5.32 MB ( 98%) used,    90.38 KB (  2%) free+waste,     3.06 KB ( <1%) overhead. 
      Class:    536.00 KB capacity,   522.30 KB ( 97%) used,    12.20 KB (  2%) free+waste,     1.50 KB ( <1%) overhead. 
       Both:      5.94 MB capacity,     5.83 MB ( 98%) used,   102.58 KB (  2%) free+waste,     4.56 KB ( <1%) overhead. 

Virtual space:
  Non-class space:        8.00 MB reserved,       5.50 MB ( 69%) committed 
      Class space:        1.00 GB reserved,     640.00 KB ( <1%) committed 
             Both:        1.01 GB reserved,       6.12 MB ( <1%) committed 

Chunk freelists:
   Non-Class:  2.88 KB
       Class:  1.00 KB
        Both:  3.88 KB

CodeHeap 'non-profiled nmethods': size=120000Kb used=60Kb max_used=60Kb free=119940Kb
 bounds [0x000001bc8f0f0000, 0x000001bc8f360000, 0x000001bc96620000]
CodeHeap 'profiled nmethods': size=120000Kb used=228Kb max_used=228Kb free=119772Kb
 bounds [0x000001bc87bc0000, 0x000001bc87e30000, 0x000001bc8f0f0000]
CodeHeap 'non-nmethods': size=5760Kb used=1063Kb max_used=1073Kb free=4696Kb
 bounds [0x000001bc87620000, 0x000001bc87890000, 0x000001bc87bc0000]
 total_blobs=545 nmethods=207 adapters=250
 compilation: enabled
              stopped_count=0, restarted_count=0
 full_count=0

Compilation events (10 events):
Event: 0.124 Thread 0x000001bcffb40800  205       3       java.lang.String::getBytes (44 bytes)
Event: 0.124 Thread 0x000001bcffb40800 nmethod 205 0x000001bc87bf7810 code [0x000001bc87bf79e0, 0x000001bc87bf7d18]
Event: 0.124 Thread 0x000001bcffb40800  203       3       java.lang.StringBuilder::append (8 bytes)
Event: 0.124 Thread 0x000001bcffb40800 nmethod 203 0x000001bc87bf7e90 code [0x000001bc87bf8040, 0x000001bc87bf8188]
Event: 0.124 Thread 0x000001bcffb40800  204       3       java.lang.AbstractStringBuilder::append (45 bytes)
Event: 0.124 Thread 0x000001bcffb40800 nmethod 204 0x000001bc87bf8210 code [0x000001bc87bf8420, 0x000001bc87bf8938]
Event: 0.124 Thread 0x000001bcffb40800  206       3       sun.nio.cs.SingleByte$Encoder::encode (32 bytes)
Event: 0.124 Thread 0x000001bcffb40800 nmethod 206 0x000001bc87bf8b90 code [0x000001bc87bf8d40, 0x000001bc87bf8ef8]
Event: 0.124 Thread 0x000001bcffb40800  207       1       java.nio.Buffer::position (5 bytes)
Event: 0.124 Thread 0x000001bcffb40800 nmethod 207 0x000001bc8f0fed10 code [0x000001bc8f0feea0, 0x000001bc8f0fef58]

GC Heap History (0 events):
No events

Deoptimization events (0 events):
No events

Classes redefined (0 events):
No events

Internal exceptions (1 events):
Event: 0.123 Thread 0x000001bcf994a000 Exception <a 'java/lang/NoClassDefFoundError'{0x000000008ad2e1c8}: org/objectweb/asm/tree/ClassNode> (0x000000008ad2e1c8) thrown at [./open/src/hotspot/share/classfile/systemDictionary.cpp, line 215]

Events (10 events):
Event: 0.122 loading class org/objectweb/asm/ClassVisitor
Event: 0.122 loading class org/objectweb/asm/ClassVisitor done
Event: 0.123 loading class org/objectweb/asm/tree/ClassNode
Event: 0.123 loading class org/objectweb/asm/tree/ClassNode done
Event: 0.123 loading class java/lang/Throwable$WrappedPrintStream
Event: 0.123 loading class java/lang/Throwable$PrintStreamOrWriter
Event: 0.123 loading class java/lang/Throwable$PrintStreamOrWriter done
Event: 0.123 loading class java/lang/Throwable$WrappedPrintStream done
Event: 0.124 loading class java/lang/StackTraceElement$HashedModules
Event: 0.124 loading class java/lang/StackTraceElement$HashedModules done


Dynamic libraries:
0x00007ff78e7d0000 - 0x00007ff78e7e0000 	C:\Program Files\Java\jdk-11\bin\java.exe
0x00007ffc0d470000 - 0x00007ffc0d687000 	C:\WINDOWS\SYSTEM32\ntdll.dll
0x00007ffc0bef0000 - 0x00007ffc0bfb4000 	C:\WINDOWS\System32\KERNEL32.DLL
0x00007ffc0a860000 - 0x00007ffc0ac31000 	C:\WINDOWS\System32\KERNELBASE.dll
0x00007ffc0b020000 - 0x00007ffc0b131000 	C:\WINDOWS\System32\ucrtbase.dll
0x00007ffc03140000 - 0x00007ffc03159000 	C:\Program Files\Java\jdk-11\bin\jli.dll
0x00007ffb98b10000 - 0x00007ffb98b2b000 	C:\Program Files\Java\jdk-11\bin\VCRUNTIME140.dll
0x00007ffc0b2a0000 - 0x00007ffc0b351000 	C:\WINDOWS\System32\ADVAPI32.dll
0x00007ffc0be40000 - 0x00007ffc0bee7000 	C:\WINDOWS\System32\msvcrt.dll
0x00007ffc0b5a0000 - 0x00007ffc0b647000 	C:\WINDOWS\System32\sechost.dll
0x00007ffc0aeb0000 - 0x00007ffc0aed8000 	C:\WINDOWS\System32\bcrypt.dll
0x00007ffc0b480000 - 0x00007ffc0b594000 	C:\WINDOWS\System32\RPCRT4.dll
0x00007ffc0bc80000 - 0x00007ffc0be31000 	C:\WINDOWS\System32\USER32.dll
0x00007ffc0ac40000 - 0x00007ffc0ac66000 	C:\WINDOWS\System32\win32u.dll
0x00007ffc0b650000 - 0x00007ffc0b679000 	C:\WINDOWS\System32\GDI32.dll
0x00007ffbf0220000 - 0x00007ffbf04b2000 	C:\WINDOWS\WinSxS\amd64_microsoft.windows.common-controls_6595b64144ccf1df_6.0.22621.4830_none_270fe7d773858e80\COMCTL32.dll
0x00007ffc0ac70000 - 0x00007ffc0ad8b000 	C:\WINDOWS\System32\gdi32full.dll
0x00007ffc0ad90000 - 0x00007ffc0ae2a000 	C:\WINDOWS\System32\msvcp_win.dll
0x00007ffbfa7c0000 - 0x00007ffbfa7ca000 	C:\WINDOWS\SYSTEM32\VERSION.dll
0x00007ffc0bfc0000 - 0x00007ffc0bff1000 	C:\WINDOWS\System32\IMM32.DLL
0x00007ffb98b00000 - 0x00007ffb98b0c000 	C:\Program Files\Java\jdk-11\bin\vcruntime140_1.dll
0x00007ffb85390000 - 0x00007ffb8541e000 	C:\Program Files\Java\jdk-11\bin\msvcp140.dll
0x00007ffb9cb10000 - 0x00007ffb9d67e000 	C:\Program Files\Java\jdk-11\bin\server\jvm.dll
0x00007ffc0d420000 - 0x00007ffc0d428000 	C:\WINDOWS\System32\PSAPI.DLL
0x00007ffbefd90000 - 0x00007ffbefd99000 	C:\WINDOWS\SYSTEM32\WSOCK32.dll
0x00007ffc0c0e0000 - 0x00007ffc0c151000 	C:\WINDOWS\System32\WS2_32.dll
0x00007ffc04760000 - 0x00007ffc04794000 	C:\WINDOWS\SYSTEM32\WINMM.dll
0x00007ffc095d0000 - 0x00007ffc095e8000 	C:\WINDOWS\SYSTEM32\kernel.appcore.dll
0x00007ffb98a80000 - 0x00007ffb98a90000 	C:\Program Files\Java\jdk-11\bin\verify.dll
0x00007ffc075d0000 - 0x00007ffc07802000 	C:\WINDOWS\SYSTEM32\DBGHELP.DLL
0x00007ffc0d090000 - 0x00007ffc0d420000 	C:\WINDOWS\System32\combase.dll
0x00007ffc0c000000 - 0x00007ffc0c0d7000 	C:\WINDOWS\System32\OLEAUT32.dll
0x00007ffbedbf0000 - 0x00007ffbedc22000 	C:\WINDOWS\SYSTEM32\dbgcore.DLL
0x00007ffc0ae30000 - 0x00007ffc0aeab000 	C:\WINDOWS\System32\bcryptPrimitives.dll
0x00007ffb98a90000 - 0x00007ffb98ab8000 	C:\Program Files\Java\jdk-11\bin\java.dll
0x00007ffb98a70000 - 0x00007ffb98a7a000 	C:\Program Files\Java\jdk-11\bin\jimage.dll
0x00007ffc055c0000 - 0x00007ffc055ce000 	C:\Program Files\Java\jdk-11\bin\instrument.dll
0x00007ffb98a50000 - 0x00007ffb98a67000 	C:\Program Files\Java\jdk-11\bin\zip.dll
0x00007ffc0c7e0000 - 0x00007ffc0d068000 	C:\WINDOWS\System32\SHELL32.dll
0x00007ffc0aee0000 - 0x00007ffc0b01f000 	C:\WINDOWS\System32\wintypes.dll
0x00007ffc084c0000 - 0x00007ffc08dcd000 	C:\WINDOWS\SYSTEM32\windows.storage.dll
0x00007ffc0b360000 - 0x00007ffc0b46a000 	C:\WINDOWS\System32\SHCORE.dll
0x00007ffc0c160000 - 0x00007ffc0c1be000 	C:\WINDOWS\System32\shlwapi.dll
0x00007ffc0a4e0000 - 0x00007ffc0a50b000 	C:\WINDOWS\SYSTEM32\profapi.dll
0x00007ffb98770000 - 0x00007ffb98789000 	C:\Program Files\Java\jdk-11\bin\net.dll
0x00007ffc066f0000 - 0x00007ffc0681c000 	C:\WINDOWS\SYSTEM32\WINHTTP.dll
0x00007ffc09a30000 - 0x00007ffc09a9a000 	C:\WINDOWS\system32\mswsock.dll
0x00007ffb98750000 - 0x00007ffb98762000 	C:\Program Files\Java\jdk-11\bin\nio.dll

dbghelp: loaded successfully - version: 4.0.5 - missing functions: none
symbol engine: initialized successfully - sym options: 0x614 - pdb path: .;C:\Program Files\Java\jdk-11\bin;C:\WINDOWS\SYSTEM32;C:\WINDOWS\WinSxS\amd64_microsoft.windows.common-controls_6595b64144ccf1df_6.0.22621.4830_none_270fe7d773858e80;C:\Program Files\Java\jdk-11\bin\server

VM Arguments:
jvm_args: -Dorg.netbeans.lib.jshell.agent.AgentWorker.executor=org.netbeans.lib.jshell.agent.SwingExecutor -javaagent:C:\Program Files\NetBeans-21\netbeans\java\modules\ext\nb-mod-jshell-probe.jar=address=127.0.0.1,port=51181,key=39i5dkn9umhi7,loaderPolicy=system,class=,field=,method= 
java_command: com.mycompany.studentmanagementsystem.StudentManagementSystem
java_class_path (initial): C:\Users\GANESH BABU\Documents\NetBeansProjects\StudentManagementSystem\target\classes;C:\Users\GANESH BABU\.m2\repository\com\mysql\mysql-connector-j\8.0.33\mysql-connector-j-8.0.33.jar;C:\Users\GANESH BABU\.m2\repository\com\google\protobuf\protobuf-java\3.21.9\protobuf-java-3.21.9.jar
Launcher Type: SUN_STANDARD

[Global flags]
     intx CICompilerCount                          = 4                                         {product} {ergonomic}
     uint ConcGCThreads                            = 2                                         {product} {ergonomic}
     uint G1ConcRefinementThreads                  = 8                                         {product} {ergonomic}
   size_t G1HeapRegionSize                         = 1048576                                   {product} {ergonomic}
    uintx GCDrainStackTargetSize                   = 64                                        {product} {ergonomic}
   size_t InitialHeapSize                          = 132120576                                 {product} {ergonomic}
   size_t MarkStackSize                            = 4194304                                   {product} {ergonomic}
   size_t MaxHeapSize                              = 2095054848                                {product} {ergonomic}
   size_t MaxNewSize                               = 1256194048                                {product} {ergonomic}
   size_t MinHeapDeltaBytes                        = 1048576                                   {product} {ergonomic}
    uintx NonNMethodCodeHeapSize                   = 5836300                                {pd product} {ergonomic}
    uintx NonProfiledCodeHeapSize                  = 122910970                              {pd product} {ergonomic}
    uintx ProfiledCodeHeapSize                     = 122910970                              {pd product} {ergonomic}
    uintx ReservedCodeCacheSize                    = 251658240                              {pd product} {ergonomic}
     bool SegmentedCodeCache                       = true                                      {product} {ergonomic}
     bool UseCompressedClassPointers               = true                                 {lp64_product} {ergonomic}
     bool UseCompressedOops                        = true                                 {lp64_product} {ergonomic}
     bool UseG1GC                                  = true                                      {product} {ergonomic}
     bool UseLargePagesIndividualAllocation        = false                                  {pd product} {ergonomic}

Logging:
Log output configuration:
 #0: stdout all=warning uptime,level,tags
 #1: stderr all=off uptime,level,tags

Environment Variables:
JAVA_HOME=C:\Program Files\Java\jdk-11
CLASSPATH=.;
PATH=C:\oraclexe\app\oracle\product\11.2.0\server\bin;;C:\Program Files\Microsoft MPI\Bin\;C:\Program Files\Common Files\Oracle\Java\javapath;C:\Program Files (x86)\Java\jdk1.6.0_07;C:\Program Files\Docker\Docker\resources\bin;C:\mingw64\bin;C:\Program Files (x86)\Microsoft SDKs\MPI\Include;C:\Program Files (x86)\Microsoft SDKs\MPI\Lib\x64;C:\Program Files\nodejs;C:\Users\GANESH BABU;C:\Users\GANESH BABU\Downloads\PortableGit\bin;C:\Program Files\Java\jdk-11\bin;C:\Users\GANESH BABU\AppData\Local\Programs\Python\Python312\Scripts\;C:\Users\GANESH BABU\AppData\Local\Programs\Python\Python312\;C:\Users\GANESH BABU\AppData\Local\Microsoft\WindowsApps;;C:\Users\GANESH BABU\AppData\Local\Programs\Microsoft VS Code\bin;C:\Users\GANESH BABU\AppData\Roaming\npm
USERNAME=GANESH BABU
OS=Windows_NT
PROCESSOR_IDENTIFIER=Intel64 Family 6 Model 140 Stepping 1, GenuineIntel



---------------  S Y S T E M  ---------------

OS: Windows 11 , 64 bit Build 22621 (10.0.22621.4974)
Hyper-V role detected

CPU:total 8 (initial active 8) (4 cores per cpu, 2 threads per core) family 6 model 140 stepping 1 microcode 0x8a, cmov, cx8, fxsr, mmx, sse, sse2, sse3, ssse3, sse4.1, sse4.2, popcnt, avx, avx2, aes, clmul, erms, 3dnowpref, lzcnt, ht, tsc, tscinvbit, bmi1, bmi2, adx, evex, sha, fma

Memory: 4k page, system-wide physical 7991M (910M free)
TotalPageFile size 14318M (AvailPageFile size 2471M)
current process WorkingSet (physical memory assigned to process): 37M, peak: 37M
current process commit charge ("private bytes"): 204M, peak: 204M

vm_info: Java HotSpot(TM) 64-Bit Server VM (11.0.22+9-LTS-219) for windows-amd64 JRE (11.0.22+9-LTS-219), built on Dec 19 2023 22:08:21 by "mach5one" with MS VC++ 17.1 (VS2022)

END.
